C:\USERS\JASON\DOCUMENTS\VISUAL STUDIO 2012\PROJECTS\DS 1\DS 1\DEBUG\ARRAY.OBJ
C:\USERS\JASON\DOCUMENTS\VISUAL STUDIO 2012\PROJECTS\DS 1\DS 1\DEBUG\MAIN.OBJ
C:\USERS\JASON\DOCUMENTS\VISUAL STUDIO 2012\PROJECTS\DS 1\DS 1\DEBUG\VC110.PDB
C:\USERS\JASON\DOCUMENTS\VISUAL STUDIO 2012\PROJECTS\DS 1\DS 1\DEBUG\EXCEPTION.OBJ
C:\Users\Jason\documents\visual studio 2012\Projects\DS 1\DS 1\Debug\array.obj
C:\Users\Jason\documents\visual studio 2012\Projects\DS 1\DS 1\Debug\Exception.obj
C:\Users\Jason\documents\visual studio 2012\Projects\DS 1\DS 1\Debug\main.obj
C:\Users\Jason\documents\visual studio 2012\Projects\DS 1\DS 1\Debug\cl.command.1.tlog
C:\Users\Jason\documents\visual studio 2012\Projects\DS 1\DS 1\Debug\CL.read.1.tlog
C:\Users\Jason\documents\visual studio 2012\Projects\DS 1\DS 1\Debug\CL.write.1.tlog
C:\Users\Jason\documents\visual studio 2012\Projects\DS 1\DS 1\Debug\link-cvtres.read.1.tlog
C:\Users\Jason\documents\visual studio 2012\Projects\DS 1\DS 1\Debug\link-cvtres.write.1.tlog
C:\Users\Jason\documents\visual studio 2012\Projects\DS 1\DS 1\Debug\link-rc.read.1.tlog
C:\Users\Jason\documents\visual studio 2012\Projects\DS 1\DS 1\Debug\link-rc.write.1.tlog
C:\Users\Jason\documents\visual studio 2012\Projects\DS 1\DS 1\Debug\link.3536-cvtres.read.1.tlog
C:\Users\Jason\documents\visual studio 2012\Projects\DS 1\DS 1\Debug\link.3536-cvtres.write.1.tlog
C:\Users\Jason\documents\visual studio 2012\Projects\DS 1\DS 1\Debug\link.3536-rc.read.1.tlog
C:\Users\Jason\documents\visual studio 2012\Projects\DS 1\DS 1\Debug\link.3536-rc.write.1.tlog
C:\Users\Jason\documents\visual studio 2012\Projects\DS 1\DS 1\Debug\link.3536.read.1.tlog
C:\Users\Jason\documents\visual studio 2012\Projects\DS 1\DS 1\Debug\link.3536.write.1.tlog
C:\Users\Jason\documents\visual studio 2012\Projects\DS 1\DS 1\Debug\link.command.1.tlog
C:\Users\Jason\documents\visual studio 2012\Projects\DS 1\DS 1\Debug\link.read.1.tlog
C:\Users\Jason\documents\visual studio 2012\Projects\DS 1\DS 1\Debug\link.write.1.tlog
C:\Users\Jason\documents\visual studio 2012\Projects\DS 1\DS 1\Debug\vc110.idb
C:\Users\Jason\documents\visual studio 2012\Projects\DS 1\DS 1\Debug\vc110.pdb
C:\Users\Jason\documents\visual studio 2012\Projects\DS 1\Debug\DS 1.pdb
